

Version:	3.50
CmdLine:	C:\Users\Romel Postrano\Documents\NetBeansProjects\ers\ERS.exe --l4j-debug
JNI:		No
WOW64:		Yes
Working dir:	C:\Users\Romel Postrano\Documents\NetBeansProjects\ers\.
Requires JDK:	No
Requires 64-Bit: No
Java min ver:	
Java max ver:	
Substitute:	JAVA_HOME = C:\Program Files\Java\jdk-17
Substitute:	PATH = C:\Program Files\Java\jdk-17\bin;C:\Program Files\Common Files\Oracle\Java\javapath;C:\Windows\system32;C:\Windows;C:\Windows\System32\Wbem;C:\Windows\System32\WindowsPowerShell\v1.0\;C:\Windows\System32\OpenSSH\;C:\Program Files (x86)\NVIDIA Corporation\PhysX\Common;C:\Program Files\NVIDIA Corporation\NVIDIA NvDLISR;C:\Program Files\Git\cmd;C:\xampp\php;C:\ProgramData\ComposerSetup\bin;C:\Program Files (x86)\Microsoft SQL Server\160\Tools\Binn\;C:\Program Files\Microsoft SQL Server\160\Tools\Binn\;C:\Program Files\Microsoft SQL Server\Client SDK\ODBC\170\Tools\Binn\;C:\Program Files\Microsoft SQL Server\160\DTS\Binn\;C:\Program Files (x86)\Microsoft SQL Server\160\DTS\Binn\;C:\Program Files\Azure Data Studio\bin;C:\Program Files\Microsoft SQL Server\150\Tools\Binn\;C:\Program Files\dotnet\;C:\Program Files (x86)\Windows Kits\10\Windows Performance Toolkit\;C:\Program Files\Microsoft SQL Server\140\Tools\Binn\;C:\Program Files\nodejs\;C:\Program Files\playit_gg\bin\;C:\ProgramData\chocolatey\bin;C:\WINDOWS\system32;C:\WINDOWS;C:\WINDOWS\System32\Wbem;C:\WINDOWS\System32\WindowsPowerShell\v1.0\;C:\WINDOWS\System32\OpenSSH\;C:\Users\Romel Postrano\AppData\Local\Microsoft\WindowsApps;C:\Users\Romel Postrano\AppData\Local\Programs\Microsoft VS Code\bin;C:\Users\Romel Postrano\AppData\Roaming\Composer\vendor\bin;C:\Program Files\Azure Data Studio\bin;C:\Users\Romel Postrano\.dotnet\tools;C:\Users\Romel Postrano\AppData\Roaming\npm;C:\Program Files\Java\jdk-17\bin;
JRE paths:	C:\Program Files\Java\jdk-17;C:\Program Files\Java\jdk-17\bin;C:\Program Files\Common Files\Oracle\Java\javapath;C:\Windows\system32;C:\Windows;C:\Windows\System32\Wbem;C:\Windows\System32\WindowsPowerShell\v1.0\;C:\Windows\System32\OpenSSH\;C:\Program Files (x86)\NVIDIA Corporation\PhysX\Common;C:\Program Files\NVIDIA Corporation\NVIDIA NvDLISR;C:\Program Files\Git\cmd;C:\xampp\php;C:\ProgramData\ComposerSetup\bin;C:\Program Files (x86)\Microsoft SQL Server\160\Tools\Binn\;C:\Program Files\Microsoft SQL Server\160\Tools\Binn\;C:\Program Files\Microsoft SQL Server\Client SDK\ODBC\170\Tools\Binn\;C:\Program Files\Microsoft SQL Server\160\DTS\Binn\;C:\Program Files (x86)\Microsoft SQL Server\160\DTS\Binn\;C:\Program Files\Azure Data Studio\bin;C:\Program Files\Microsoft SQL Server\150\Tools\Binn\;C:\Program Files\dotnet\;C:\Program Files (x86)\Windows Kits\10\Windows Performance Toolkit\;C:\Program Files\Microsoft SQL Server\140\Tools\Binn\;C:\Program Files\nodejs\;C:\Program Files\playit_gg\bin\;C:\ProgramData\chocolatey\bin;C:\WINDOWS\system32;C:\WINDOWS;C:\WINDOWS\System32\Wbem;C:\WINDOWS\System32\WindowsPowerShell\v1.0\;C:\WINDOWS\System32\OpenSSH\;C:\Users\Romel Postrano\AppData\Local\Microsoft\WindowsApps;C:\Users\Romel Postrano\AppData\Local\Programs\Microsoft VS Code\bin;C:\Users\Romel Postrano\AppData\Roaming\Composer\vendor\bin;C:\Program Files\Azure Data Studio\bin;C:\Users\Romel Postrano\.dotnet\tools;C:\Users\Romel Postrano\AppData\Roaming\npm;C:\Program Files\Java\jdk-17\bin;
Check launcher:	C:\Program Files\Java\jdk-17\bin\javaw.exe (OK)
Version string: 1.017.000_015 / 64-Bit (OK)
Main class:	com.inspire.ers.Login
Add classpath:	lib\commons-compress-1.21.jar
Add classpath:	lib\commons-math3-3.6.1.jar
Add classpath:	lib\curvesapi-1.06.jar
Add classpath:	lib\poi-5.4.1.jar
Add classpath:	lib\poi-ooxml-5.4.1.jar
Add classpath:	lib\poi-ooxml-full-5.4.1.jar
Add classpath:	lib\xmlbeans-5.1.1.jar
Add classpath:	lib\commons-collections4-4.4.jar
Add classpath:	lib\mysql-connector-j-9.2.0.jar
Add classpath:	lib\commons-io-2.19.0.jar
Add classpath:	lib\jcalendar-1.4.jar
Add classpath:	lib\log4j-core-2.25.0.jar
Add classpath:	lib\log4j-core-test-2.25.0.jar
Add classpath:	lib\log4j-couchdb-2.25.0.jar
Add classpath:	lib\log4j-docker-2.25.0.jar
Add classpath:	lib\log4j-1.2-api-2.25.0.jar
Add classpath:	lib\log4j-api-2.25.0.jar
Add classpath:	lib\log4j-api-test-2.25.0.jar
Add classpath:	lib\log4j-appserver-2.25.0.jar
Add classpath:	lib\log4j-cassandra-2.25.0.jar
Add classpath:	lib\log4j-core-2.25.0.jar
Add classpath:	lib\log4j-couchdb-2.25.0.jar
Add classpath:	lib\log4j-iostreams-2.25.0.jar
Add classpath:	lib\log4j-jcl-2.25.0.jar
Add classpath:	lib\log4j-jdbc-dbcp2-2.25.0.jar
Add classpath:	lib\log4j-jpa-2.25.0.jar
Add classpath:	lib\log4j-jpl-2.25.0.jar
Add classpath:	lib\log4j-mongodb4-2.25.0.jar
Add classpath:	lib\log4j-jul-2.25.0.jar
Add classpath:	lib\commons-compress-1.26.1.jar
Launcher:	C:\Program Files\Java\jdk-17\bin\javaw.exe
Launcher args:	-classpath "C:\Users\Romel Postrano\Documents\NetBeansProjects\ers\ERS.exe;lib\commons-compress-1.21.jar;lib\commons-math3-3.6.1.jar;lib\curvesapi-1.06.jar;lib\poi-5.4.1.jar;lib\poi-ooxml-5.4.1.jar;lib\poi-ooxml-full-5.4.1.jar;lib\xmlbeans-5.1.1.jar;lib\commons-collections4-4.4.jar;lib\mysql-connector-j-9.2.0.jar;lib\commons-io-2.19.0.jar;lib\jcalendar-1.4.jar;lib\log4j-core-2.25.0.jar;lib\log4j-core-test-2.25.0.jar;lib\log4j-couchdb-2.25.0.jar;lib\log4j-docker-2.25.0.jar;lib\log4j-1.2-api-2.25.0.jar;lib\log4j-api-2.25.0.jar;lib\log4j-api-test-2.25.0.jar;lib\log4j-appserver-2.25.0.jar;lib\log4j-cassandra-2.25.0.jar;lib\log4j-core-2.25.0.jar;lib\log4j-couchdb-2.25.0.jar;lib\log4j-iostreams-2.25.0.jar;lib\log4j-jcl-2.25.0.jar;lib\log4j-jdbc-dbcp2-2.25.0.jar;lib\log4j-jpa-2.25.0.jar;lib\log4j-jpl-2.25.0.jar;lib\log4j-mongodb4-2.25.0.jar;lib\log4j-jul-2.25.0.jar;lib\commons-compress-1.26.1.jar" com.inspire.ers.Login
Args length:	925/32768 chars
Exit code:	0


Version:	3.50
CmdLine:	C:\Users\Romel Postrano\Documents\NetBeansProjects\ers\ERS.exe --l4j-debug
JNI:		No
WOW64:		Yes
Working dir:	C:\Users\Romel Postrano\Documents\NetBeansProjects\ers\.
Requires JDK:	No
Requires 64-Bit: No
Java min ver:	
Java max ver:	
Substitute:	JAVA_HOME = C:\Program Files\Java\jdk-17
Substitute:	PATH = C:\Program Files\Java\jdk-17\bin;C:\Program Files\Common Files\Oracle\Java\javapath;C:\Windows\system32;C:\Windows;C:\Windows\System32\Wbem;C:\Windows\System32\WindowsPowerShell\v1.0\;C:\Windows\System32\OpenSSH\;C:\Program Files (x86)\NVIDIA Corporation\PhysX\Common;C:\Program Files\NVIDIA Corporation\NVIDIA NvDLISR;C:\Program Files\Git\cmd;C:\xampp\php;C:\ProgramData\ComposerSetup\bin;C:\Program Files (x86)\Microsoft SQL Server\160\Tools\Binn\;C:\Program Files\Microsoft SQL Server\160\Tools\Binn\;C:\Program Files\Microsoft SQL Server\Client SDK\ODBC\170\Tools\Binn\;C:\Program Files\Microsoft SQL Server\160\DTS\Binn\;C:\Program Files (x86)\Microsoft SQL Server\160\DTS\Binn\;C:\Program Files\Azure Data Studio\bin;C:\Program Files\Microsoft SQL Server\150\Tools\Binn\;C:\Program Files\dotnet\;C:\Program Files (x86)\Windows Kits\10\Windows Performance Toolkit\;C:\Program Files\Microsoft SQL Server\140\Tools\Binn\;C:\Program Files\nodejs\;C:\Program Files\playit_gg\bin\;C:\ProgramData\chocolatey\bin;C:\WINDOWS\system32;C:\WINDOWS;C:\WINDOWS\System32\Wbem;C:\WINDOWS\System32\WindowsPowerShell\v1.0\;C:\WINDOWS\System32\OpenSSH\;C:\Users\Romel Postrano\AppData\Local\Microsoft\WindowsApps;C:\Users\Romel Postrano\AppData\Local\Programs\Microsoft VS Code\bin;C:\Users\Romel Postrano\AppData\Roaming\Composer\vendor\bin;C:\Program Files\Azure Data Studio\bin;C:\Users\Romel Postrano\.dotnet\tools;C:\Users\Romel Postrano\AppData\Roaming\npm;C:\Program Files\Java\jdk-17\bin;
JRE paths:	C:\Program Files\Java\jdk-17;C:\Program Files\Java\jdk-17\bin;C:\Program Files\Common Files\Oracle\Java\javapath;C:\Windows\system32;C:\Windows;C:\Windows\System32\Wbem;C:\Windows\System32\WindowsPowerShell\v1.0\;C:\Windows\System32\OpenSSH\;C:\Program Files (x86)\NVIDIA Corporation\PhysX\Common;C:\Program Files\NVIDIA Corporation\NVIDIA NvDLISR;C:\Program Files\Git\cmd;C:\xampp\php;C:\ProgramData\ComposerSetup\bin;C:\Program Files (x86)\Microsoft SQL Server\160\Tools\Binn\;C:\Program Files\Microsoft SQL Server\160\Tools\Binn\;C:\Program Files\Microsoft SQL Server\Client SDK\ODBC\170\Tools\Binn\;C:\Program Files\Microsoft SQL Server\160\DTS\Binn\;C:\Program Files (x86)\Microsoft SQL Server\160\DTS\Binn\;C:\Program Files\Azure Data Studio\bin;C:\Program Files\Microsoft SQL Server\150\Tools\Binn\;C:\Program Files\dotnet\;C:\Program Files (x86)\Windows Kits\10\Windows Performance Toolkit\;C:\Program Files\Microsoft SQL Server\140\Tools\Binn\;C:\Program Files\nodejs\;C:\Program Files\playit_gg\bin\;C:\ProgramData\chocolatey\bin;C:\WINDOWS\system32;C:\WINDOWS;C:\WINDOWS\System32\Wbem;C:\WINDOWS\System32\WindowsPowerShell\v1.0\;C:\WINDOWS\System32\OpenSSH\;C:\Users\Romel Postrano\AppData\Local\Microsoft\WindowsApps;C:\Users\Romel Postrano\AppData\Local\Programs\Microsoft VS Code\bin;C:\Users\Romel Postrano\AppData\Roaming\Composer\vendor\bin;C:\Program Files\Azure Data Studio\bin;C:\Users\Romel Postrano\.dotnet\tools;C:\Users\Romel Postrano\AppData\Roaming\npm;C:\Program Files\Java\jdk-17\bin;
Check launcher:	C:\Program Files\Java\jdk-17\bin\javaw.exe (OK)
Version string: 1.017.000_015 / 64-Bit (OK)
Main class:	com.inspire.ers.Login
Add classpath:	lib\commons-compress-1.21.jar
Add classpath:	lib\commons-math3-3.6.1.jar
Add classpath:	lib\curvesapi-1.06.jar
Add classpath:	lib\poi-5.4.1.jar
Add classpath:	lib\poi-ooxml-5.4.1.jar
Add classpath:	lib\poi-ooxml-full-5.4.1.jar
Add classpath:	lib\xmlbeans-5.1.1.jar
Add classpath:	lib\commons-collections4-4.4.jar
Add classpath:	lib\mysql-connector-j-9.2.0.jar
Add classpath:	lib\commons-io-2.19.0.jar
Add classpath:	lib\jcalendar-1.4.jar
Add classpath:	lib\log4j-core-2.25.0.jar
Add classpath:	lib\log4j-core-test-2.25.0.jar
Add classpath:	lib\log4j-couchdb-2.25.0.jar
Add classpath:	lib\log4j-docker-2.25.0.jar
Add classpath:	lib\log4j-1.2-api-2.25.0.jar
Add classpath:	lib\log4j-api-2.25.0.jar
Add classpath:	lib\log4j-api-test-2.25.0.jar
Add classpath:	lib\log4j-appserver-2.25.0.jar
Add classpath:	lib\log4j-cassandra-2.25.0.jar
Add classpath:	lib\log4j-core-2.25.0.jar
Add classpath:	lib\log4j-couchdb-2.25.0.jar
Add classpath:	lib\log4j-iostreams-2.25.0.jar
Add classpath:	lib\log4j-jcl-2.25.0.jar
Add classpath:	lib\log4j-jdbc-dbcp2-2.25.0.jar
Add classpath:	lib\log4j-jpa-2.25.0.jar
Add classpath:	lib\log4j-jpl-2.25.0.jar
Add classpath:	lib\log4j-mongodb4-2.25.0.jar
Add classpath:	lib\log4j-jul-2.25.0.jar
Add classpath:	lib\commons-compress-1.26.1.jar
Launcher:	C:\Program Files\Java\jdk-17\bin\javaw.exe
Launcher args:	-classpath "C:\Users\Romel Postrano\Documents\NetBeansProjects\ers\ERS.exe;lib\commons-compress-1.21.jar;lib\commons-math3-3.6.1.jar;lib\curvesapi-1.06.jar;lib\poi-5.4.1.jar;lib\poi-ooxml-5.4.1.jar;lib\poi-ooxml-full-5.4.1.jar;lib\xmlbeans-5.1.1.jar;lib\commons-collections4-4.4.jar;lib\mysql-connector-j-9.2.0.jar;lib\commons-io-2.19.0.jar;lib\jcalendar-1.4.jar;lib\log4j-core-2.25.0.jar;lib\log4j-core-test-2.25.0.jar;lib\log4j-couchdb-2.25.0.jar;lib\log4j-docker-2.25.0.jar;lib\log4j-1.2-api-2.25.0.jar;lib\log4j-api-2.25.0.jar;lib\log4j-api-test-2.25.0.jar;lib\log4j-appserver-2.25.0.jar;lib\log4j-cassandra-2.25.0.jar;lib\log4j-core-2.25.0.jar;lib\log4j-couchdb-2.25.0.jar;lib\log4j-iostreams-2.25.0.jar;lib\log4j-jcl-2.25.0.jar;lib\log4j-jdbc-dbcp2-2.25.0.jar;lib\log4j-jpa-2.25.0.jar;lib\log4j-jpl-2.25.0.jar;lib\log4j-mongodb4-2.25.0.jar;lib\log4j-jul-2.25.0.jar;lib\commons-compress-1.26.1.jar" com.inspire.ers.Login
Args length:	925/32768 chars
Exit code:	0
